<?xml version="1.0" encoding="UTF-8"?>
<testsuite name="com.cedarsoft.serialization.stax.mate.primitives.CharSerializerTest" tests="3" skipped="0" failures="0" errors="0" timestamp="2021-05-17T02:09:05" hostname="runner-kggansxr-project-47-concurrent-0" time="0.16">
  <properties/>
  <testcase name="[1] entry=Entry{object={}" classname="com.cedarsoft.serialization.stax.mate.primitives.CharSerializerTest" time="0.067"/>
  <testcase name="[2] entry=Entry{object=ﾅ}" classname="com.cedarsoft.serialization.stax.mate.primitives.CharSerializerTest" time="0.076"/>
  <testcase name="testNotClose()" classname="com.cedarsoft.serialization.stax.mate.primitives.CharSerializerTest" time="0.004"/>
  <system-out><![CDATA[]]></system-out>
  <system-err><![CDATA[]]></system-err>
</testsuite>
